<?xml version="1.0" encoding="UTF-8"?>
<testng-results ignored="0" total="1" passed="1" failed="0" skipped="0">
  <reporter-output>
  </reporter-output>
  <suite started-at="2021-03-25T22:22:44 IST" name="Default suite" finished-at="2021-03-25T22:22:52 IST" duration-ms="7568">
    <groups>
    </groups>
    <test started-at="2021-03-25T22:22:44 IST" name="Default test" finished-at="2021-03-25T22:22:52 IST" duration-ms="7568">
      <class name="firstjava.testNg">
        <test-method signature="function()[pri:0, instance:firstjava.testNg@87a85e1]" started-at="2021-03-25T22:22:44 IST" name="function" finished-at="2021-03-25T22:22:52 IST" duration-ms="7534" status="PASS">
          <reporter-output>
          </reporter-output>
        </test-method> <!-- function -->
      </class> <!-- firstjava.testNg -->
    </test> <!-- Default test -->
  </suite> <!-- Default suite -->
</testng-results>
